Spark Command: /opt/java/openjdk/bin/java -cp /opt/spark/conf:/opt/spark/jars/* -Xmx1g org.apache.spark.deploy.master.Master --host fd30d07c1864 --port 7077 --webui-port 8080
========================================
Using Spark's default log4j profile: org/apache/spark/log4j2-defaults.properties
24/05/28 23:04:44 INFO Master: Started daemon with process name: 35@fd30d07c1864
24/05/28 23:04:44 INFO SignalUtils: Registering signal handler for TERM
24/05/28 23:04:44 INFO SignalUtils: Registering signal handler for HUP
24/05/28 23:04:44 INFO SignalUtils: Registering signal handler for INT
24/05/28 23:04:45 WARN NativeCodeLoader: Unable to load native-hadoop library for your platform... using builtin-java classes where applicable
24/05/28 23:04:45 INFO SecurityManager: Changing view acls to: root
24/05/28 23:04:45 INFO SecurityManager: Changing modify acls to: root
24/05/28 23:04:45 INFO SecurityManager: Changing view acls groups to: 
24/05/28 23:04:45 INFO SecurityManager: Changing modify acls groups to: 
24/05/28 23:04:45 INFO SecurityManager: SecurityManager: authentication disabled; ui acls disabled; users  with view permissions: Set(root); groups with view permissions: Set(); users  with modify permissions: Set(root); groups with modify permissions: Set()
24/05/28 23:04:45 INFO Utils: Successfully started service 'sparkMaster' on port 7077.
24/05/28 23:04:45 INFO Master: Starting Spark master at spark://fd30d07c1864:7077
24/05/28 23:04:45 INFO Master: Running Spark version 3.3.3
24/05/28 23:04:45 INFO Utils: Successfully started service 'MasterUI' on port 8080.
24/05/28 23:04:46 INFO MasterWebUI: Bound MasterWebUI to 0.0.0.0, and started at http://fd30d07c1864:8080
24/05/28 23:04:46 INFO Master: I have been elected leader! New state: ALIVE
24/05/28 23:04:46 INFO Master: Registering worker 172.28.0.7:36193 with 16 cores, 14.0 GiB RAM
24/05/28 23:04:46 INFO Master: Registering worker 172.28.0.6:45531 with 16 cores, 14.0 GiB RAM
