Spark Command: /opt/java/openjdk/bin/java -cp /opt/spark/conf:/opt/spark/jars/* -Xmx1g org.apache.spark.deploy.master.Master --host e5933ae37afc --port 7077 --webui-port 8080
========================================
Using Spark's default log4j profile: org/apache/spark/log4j2-defaults.properties
24/05/27 17:50:20 INFO Master: Started daemon with process name: 20@e5933ae37afc
24/05/27 17:50:20 INFO SignalUtils: Registering signal handler for TERM
24/05/27 17:50:20 INFO SignalUtils: Registering signal handler for HUP
24/05/27 17:50:20 INFO SignalUtils: Registering signal handler for INT
24/05/27 17:50:20 WARN NativeCodeLoader: Unable to load native-hadoop library for your platform... using builtin-java classes where applicable
24/05/27 17:50:20 INFO SecurityManager: Changing view acls to: root
24/05/27 17:50:20 INFO SecurityManager: Changing modify acls to: root
24/05/27 17:50:20 INFO SecurityManager: Changing view acls groups to: 
24/05/27 17:50:20 INFO SecurityManager: Changing modify acls groups to: 
24/05/27 17:50:20 INFO SecurityManager: SecurityManager: authentication disabled; ui acls disabled; users  with view permissions: Set(root); groups with view permissions: Set(); users  with modify permissions: Set(root); groups with modify permissions: Set()
24/05/27 17:50:21 INFO Utils: Successfully started service 'sparkMaster' on port 7077.
24/05/27 17:50:21 INFO Master: Starting Spark master at spark://e5933ae37afc:7077
24/05/27 17:50:21 INFO Master: Running Spark version 3.3.3
24/05/27 17:50:21 INFO Utils: Successfully started service 'MasterUI' on port 8080.
24/05/27 17:50:21 INFO MasterWebUI: Bound MasterWebUI to 0.0.0.0, and started at http://e5933ae37afc:8080
24/05/27 17:50:21 INFO Master: Registering worker 172.20.0.6:44825 with 16 cores, 14.0 GiB RAM
24/05/27 17:50:21 INFO Master: Registering worker 172.20.0.4:42571 with 16 cores, 14.0 GiB RAM
24/05/27 17:50:21 INFO Master: I have been elected leader! New state: ALIVE
